<?xml version="1.0" encoding="UTF-8"?>
<!-- Generated by org.testng.reporters.JUnitReportReporter -->
<testsuite hostname="LAPTOP-PKA3HVSN" failures="0" tests="2" name="testClass.TC01_VerifyLoginUserSauceDemo" time="9.086" errors="0" timestamp="2022-08-09T12:56:39 IST" skipped="0">
  <testcase classname="testClass.TC01_VerifyLoginUserSauceDemo" name="userLogin" time="5.726"/>
  <system-out/>
  <testcase classname="testClass.TC01_VerifyLoginUserSauceDemo" name="userLogin" time="3.360"/>
  <system-out/>
</testsuite> <!-- testClass.TC01_VerifyLoginUserSauceDemo -->
