<?xml version="1.0" encoding="UTF-8"?>
<!-- Generated by org.testng.reporters.JUnitReportReporter -->
<testsuite hostname="LAPTOP-PKA3HVSN" failures="0" tests="2" name="testClass.TC02_VerifyLogOutUser" time="13.708" errors="0" timestamp="2022-08-09T12:56:39 IST" skipped="0">
  <testcase classname="testClass.TC02_VerifyLogOutUser" name="userLoggedOut" time="3.808"/>
  <system-out/>
  <testcase classname="testClass.TC02_VerifyLogOutUser" name="userLoggedOut" time="9.900"/>
  <system-out/>
</testsuite> <!-- testClass.TC02_VerifyLogOutUser -->
